{
  message: 'No se completaron los datos',
  level: 'warn',
  timestamp: '2023-12-01T01:32:48.755Z'
}
{
  message: 'No se completaron los datos',
  level: 'warn',
  timestamp: '2023-12-01T01:33:23.000Z'
}
{
  message: 'No se completaron los datos',
  level: 'warn',
  timestamp: '2023-12-01T01:33:42.143Z'
}
{
  message: 'No se completaron los datos',
  level: 'warn',
  timestamp: '2023-12-01T01:35:51.672Z'
}
{
  message: 'No se completaron los datos',
  level: 'warn',
  timestamp: '2023-12-05T11:22:59.837Z'
}
{
  message: 'No se completaron los datos',
  level: 'warn',
  timestamp: '2023-12-05T11:22:59.865Z'
}
{
  message: 'No se completaron los datos',
  level: 'warn',
  timestamp: '2023-12-05T11:26:19.658Z'
}
{
  message: 'No se completaron los datos',
  level: 'warn',
  timestamp: '2023-12-05T11:26:19.662Z'
}
{
  message: 'No se completaron los datos',
  level: 'warn',
  timestamp: '2023-12-05T11:26:20.629Z'
}
{
  message: 'No se completaron los datos',
  level: 'warn',
  timestamp: '2023-12-05T11:26:20.634Z'
}
{
  message: 'No se completaron los datos',
  level: 'warn',
  timestamp: '2023-12-05T12:12:34.809Z'
}
{
  message: 'No se completaron los datos',
  level: 'warn',
  timestamp: '2023-12-05T12:12:34.849Z'
}
{
  message: 'No se completaron los datos',
  level: 'warn',
  timestamp: '2023-12-05T12:15:45.361Z'
}
{
  message: 'No se completaron los datos',
  level: 'warn',
  timestamp: '2023-12-05T12:15:45.371Z'
}
{
  message: 'No se completaron los datos',
  level: 'warn',
  timestamp: '2023-12-05T12:15:46.346Z'
}
{
  message: 'No se completaron los datos',
  level: 'warn',
  timestamp: '2023-12-05T12:15:46.350Z'
}
{
  message: 'No se completaron los datos',
  level: 'warn',
  timestamp: '2023-12-05T12:16:13.360Z'
}
{
  message: 'No se completaron los datos',
  level: 'warn',
  timestamp: '2023-12-05T12:16:32.148Z'
}
{
  message: 'No se completaron los datos',
  level: 'warn',
  timestamp: '2023-12-06T00:02:26.778Z'
}
{
  message: 'No se completaron los datos',
  level: 'warn',
  timestamp: '2023-12-06T00:02:26.816Z'
}
{
  message: 'No se completaron los datos',
  level: 'warn',
  timestamp: '2023-12-06T00:05:31.760Z'
}
{
  message: 'No se completaron los datos',
  level: 'warn',
  timestamp: '2023-12-06T00:05:31.766Z'
}
{
  message: 'No se completaron los datos',
  level: 'warn',
  timestamp: '2023-12-06T00:05:32.758Z'
}
{
  message: 'No se completaron los datos',
  level: 'warn',
  timestamp: '2023-12-06T00:05:32.763Z'
}
