{
  message: 'No se completaron los datos',
  level: 'warn',
  timestamp: '2023-12-01T01:32:48.755Z'
}
{
  message: 'No se completaron los datos',
  level: 'warn',
  timestamp: '2023-12-01T01:33:23.000Z'
}
{
  message: 'No se completaron los datos',
  level: 'warn',
  timestamp: '2023-12-01T01:33:42.143Z'
}
{
  message: 'No se completaron los datos',
  level: 'warn',
  timestamp: '2023-12-01T01:35:51.672Z'
}
{
  message: 'No se completaron los datos',
  level: 'warn',
  timestamp: '2023-12-05T11:22:59.837Z'
}
{
  message: 'No se completaron los datos',
  level: 'warn',
  timestamp: '2023-12-05T11:22:59.865Z'
}
{
  message: 'No se completaron los datos',
  level: 'warn',
  timestamp: '2023-12-05T11:26:19.658Z'
}
{
  message: 'No se completaron los datos',
  level: 'warn',
  timestamp: '2023-12-05T11:26:19.662Z'
}
{
  message: 'No se completaron los datos',
  level: 'warn',
  timestamp: '2023-12-05T11:26:20.629Z'
}
{
  message: 'No se completaron los datos',
  level: 'warn',
  timestamp: '2023-12-05T11:26:20.634Z'
}
